{
  "stats": {
    "suites": 1,
    "tests": 2,
    "passes": 2,
    "pending": 0,
    "failures": 0,
    "start": "2020-10-16T00:38:02.573Z",
    "end": "2020-10-16T00:38:17.663Z",
    "duration": 15090,
    "testsRegistered": 2,
    "passPercent": 100,
    "pendingPercent": 0,
    "other": 0,
    "hasOther": false,
    "skipped": 0,
    "hasSkipped": false
  },
  "results": [
    {
      "uuid": "84ed86d6-ea40-4aca-a401-e68e6ac59efe",
      "title": "",
      "fullFile": "cypress\\integration\\demo\\testWithPageObjects.spec.js",
      "file": "cypress\\integration\\demo\\testWithPageObjects.spec.js",
      "beforeHooks": [],
      "afterHooks": [],
      "tests": [],
      "suites": [
        {
          "uuid": "ae2129b0-7584-4618-8755-b1be1927babc",
          "title": "Test with Page Objects",
          "fullFile": "",
          "file": "",
          "beforeHooks": [],
          "afterHooks": [],
          "tests": [
            {
              "title": "verify navigations actoss the pages",
              "fullTitle": "Test with Page Objects verify navigations actoss the pages",
              "timedOut": null,
              "duration": 6994,
              "state": "passed",
              "speed": "slow",
              "pass": true,
              "fail": false,
              "pending": false,
              "context": null,
              "code": "_navigationPage.navigateTo.formLayoutsPage();\n_navigationPage.navigateTo.datepickerPage();\n_navigationPage.navigateTo.smartTablePage();\n_navigationPage.navigateTo.tooltipPage();\n_navigationPage.navigateTo.toasterPage();",
              "err": {},
              "uuid": "ab7ef0e0-301c-4de2-8a08-278de9c6eb93",
              "parentUUID": "ae2129b0-7584-4618-8755-b1be1927babc",
              "isHook": false,
              "skipped": false
            },
            {
              "title": " should submit Inline and Basic form and select tomorrow date in the calendar",
              "fullTitle": "Test with Page Objects  should submit Inline and Basic form and select tomorrow date in the calendar",
              "timedOut": null,
              "duration": 7994,
              "state": "passed",
              "speed": "slow",
              "pass": true,
              "fail": false,
              "pending": false,
              "context": null,
              "code": "_navigationPage.navigateTo.formLayoutsPage();\n_formLayoutsPage.onFormLayoutsPage.submitInlineFormWithNameAndEmail('Artem', 'test@test.com');\n_formLayoutsPage.onFormLayoutsPage.submitBasicFormWithEmailAndPassword('test@test.com', 'password');\n_navigationPage.navigateTo.datepickerPage();\n_datepickerPage.onDatePickerPage.selectCommonDatepickerDateFromToday(1); // onDatePickerPage.selectDatepickerWithRangeFromToday(7, 14)\n// navigateTo.smartTablePage()\n// onSmartTablePage.addNewRecordWithFirstAndLastName('Artem', 'Bondar')\n// onSmartTablePage.updateAgeByFirstName('Artem', '35')\n// onSmartTablePage.deleteRowByIndex(1)",
              "err": {},
              "uuid": "b01d6fc3-9dff-49ae-8a13-e6c3a29e25ef",
              "parentUUID": "ae2129b0-7584-4618-8755-b1be1927babc",
              "isHook": false,
              "skipped": false
            }
          ],
          "suites": [],
          "passes": [
            "ab7ef0e0-301c-4de2-8a08-278de9c6eb93",
            "b01d6fc3-9dff-49ae-8a13-e6c3a29e25ef"
          ],
          "failures": [],
          "pending": [],
          "skipped": [],
          "duration": 14988,
          "root": false,
          "rootEmpty": false,
          "_timeout": 2000
        }
      ],
      "passes": [],
      "failures": [],
      "pending": [],
      "skipped": [],
      "duration": 0,
      "root": true,
      "rootEmpty": true,
      "_timeout": 2000
    }
  ],
  "meta": {
    "mocha": {
      "version": "7.0.1"
    },
    "mochawesome": {
      "options": {
        "quiet": false,
        "reportFilename": "mochawesome",
        "saveHtml": false,
        "saveJson": true,
        "consoleReporter": "spec",
        "useInlineDiffs": false,
        "code": true
      },
      "version": "6.1.1"
    },
    "marge": {
      "options": {
        "id": "default",
        "reportDir": "cypress/reports/mocha",
        "quite": true,
        "overwrite": false,
        "html": false,
        "json": true
      },
      "version": "5.1.0"
    }
  }
}